<?xml version="1.0" encoding="UTF-8"?>
<!-- Generated by org.testng.reporters.JUnitReportReporter -->
<testsuite hostname="EC2AMAZ-S11DBRH" failures="0" tests="1" name="testPackage.devtoolProtocol" time="3.747" errors="0" timestamp="2023-11-28T13:36:06 GMT" skipped="0">
  <testcase classname="testPackage.devtoolProtocol" name="geoLocation" time="3.747"/>
  <system-out/>
</testsuite> <!-- testPackage.devtoolProtocol -->
